22:17:00.906 INFO  Bean 'org.springframework.cloud.autoconfigure.ConfigurationPropertiesRebinderAutoConfiguration' of type [org.springframework.cloud.autoconfigure.ConfigurationPropertiesRebinderAutoConfiguration$$EnhancerBySpringCGLIB$$a6b7e81b] is not eligible for getting processed by all BeanPostProcessors (for example: not eligible for auto-proxying)
22:17:05.529 INFO  The following profiles are active: zona1
22:17:06.242 WARN  Endpoint ID 'service-registry' contains invalid characters, please migrate to a valid format.
22:17:06.497 INFO  BeanFactory id=31e58bbc-37eb-38c4-8977-7d34426324f8
22:17:06.847 INFO  Bean 'org.springframework.cloud.autoconfigure.ConfigurationPropertiesRebinderAutoConfiguration' of type [org.springframework.cloud.autoconfigure.ConfigurationPropertiesRebinderAutoConfiguration$$EnhancerBySpringCGLIB$$a6b7e81b] is not eligible for getting processed by all BeanPostProcessors (for example: not eligible for auto-proxying)
22:17:07.380 INFO  Tomcat initialized with port(s): 9020 (http)
22:17:07.394 INFO  Initializing ProtocolHandler ["http-nio-9020"]
22:17:07.403 INFO  Starting service [Tomcat]
22:17:07.403 INFO  Starting Servlet engine: [Apache Tomcat/9.0.19]
22:17:07.480 INFO  Initializing Spring embedded WebApplicationContext
22:17:07.480 INFO  Root WebApplicationContext: initialization completed in 1939 ms
22:17:07.633 WARN  No URLs will be polled as dynamic configuration sources.
22:17:07.633 INFO  To enable URLs as dynamic configuration sources, define System property archaius.configurationSource.additionalUrls or make config.properties available on classpath.
22:17:07.649 INFO  DynamicPropertyFactory is initialized with configuration sources: com.netflix.config.ConcurrentCompositeConfiguration@53dbe163
22:17:08.924 DEBUG Filter 'requestLoggingFilter' configured for use
22:17:08.970 WARN  No URLs will be polled as dynamic configuration sources.
22:17:08.971 INFO  To enable URLs as dynamic configuration sources, define System property archaius.configurationSource.additionalUrls or make config.properties available on classpath.
22:17:09.228 INFO  Initializing ExecutorService 'applicationTaskExecutor'
22:17:10.606 INFO  Exposing 2 endpoint(s) beneath base path '/actuator'
22:17:10.700 INFO  Setting initial instance status as: STARTING
22:17:10.745 INFO  Initializing Eureka in region us-east-1
22:17:11.144 INFO  Using JSON encoding codec LegacyJacksonJson
22:17:11.144 INFO  Using JSON decoding codec LegacyJacksonJson
22:17:11.278 INFO  Using XML encoding codec XStreamXml
22:17:11.278 INFO  Using XML decoding codec XStreamXml
22:17:11.461 INFO  Resolving eureka endpoints via configuration
22:17:11.694 INFO  Disable delta property : false
22:17:11.695 INFO  Single vip registry refresh property : null
22:17:11.696 INFO  Force full registry fetch : false
22:17:11.697 INFO  Application is null : false
22:17:11.698 INFO  Registered Applications size is zero : true
22:17:11.699 INFO  Application version is -1: true
22:17:11.699 INFO  Getting all instance registry info from the eureka server
22:17:15.797 ERROR Request execution error. endpoint=DefaultEndpoint{ serviceUrl='http://localhost:3000/eureka/}
com.sun.jersey.api.client.ClientHandlerException: java.net.ConnectException: Connection refused: connect
	at com.sun.jersey.client.apache4.ApacheHttpClient4Handler.handle(ApacheHttpClient4Handler.java:187)
	at com.sun.jersey.api.client.filter.GZIPContentEncodingFilter.handle(GZIPContentEncodingFilter.java:123)
	at com.netflix.discovery.EurekaIdentityHeaderFilter.handle(EurekaIdentityHeaderFilter.java:27)
	at com.sun.jersey.api.client.Client.handle(Client.java:652)
	at com.sun.jersey.api.client.WebResource.handle(WebResource.java:682)
	at com.sun.jersey.api.client.WebResource.access$200(WebResource.java:74)
	at com.sun.jersey.api.client.WebResource$Builder.get(WebResource.java:509)
	at com.netflix.discovery.shared.transport.jersey.AbstractJerseyEurekaHttpClient.getApplicationsInternal(AbstractJerseyEurekaHttpClient.java:194)
	at com.netflix.discovery.shared.transport.jersey.AbstractJerseyEurekaHttpClient.getApplications(AbstractJerseyEurekaHttpClient.java:165)
	at com.netflix.discovery.shared.transport.decorator.EurekaHttpClientDecorator$6.execute(EurekaHttpClientDecorator.java:137)
	at com.netflix.discovery.shared.transport.decorator.MetricsCollectingEurekaHttpClient.execute(MetricsCollectingEurekaHttpClient.java:73)
	at com.netflix.discovery.shared.transport.decorator.EurekaHttpClientDecorator.getApplications(EurekaHttpClientDecorator.java:134)
	at com.netflix.discovery.shared.transport.decorator.EurekaHttpClientDecorator$6.execute(EurekaHttpClientDecorator.java:137)
	at com.netflix.discovery.shared.transport.decorator.RedirectingEurekaHttpClient.executeOnNewServer(RedirectingEurekaHttpClient.java:118)
	at com.netflix.discovery.shared.transport.decorator.RedirectingEurekaHttpClient.execute(RedirectingEurekaHttpClient.java:79)
	at com.netflix.discovery.shared.transport.decorator.EurekaHttpClientDecorator.getApplications(EurekaHttpClientDecorator.java:134)
	at com.netflix.discovery.shared.transport.decorator.EurekaHttpClientDecorator$6.execute(EurekaHttpClientDecorator.java:137)
	at com.netflix.discovery.shared.transport.decorator.RetryableEurekaHttpClient.execute(RetryableEurekaHttpClient.java:120)
	at com.netflix.discovery.shared.transport.decorator.EurekaHttpClientDecorator.getApplications(EurekaHttpClientDecorator.java:134)
	at com.netflix.discovery.shared.transport.decorator.EurekaHttpClientDecorator$6.execute(EurekaHttpClientDecorator.java:137)
	at com.netflix.discovery.shared.transport.decorator.SessionedEurekaHttpClient.execute(SessionedEurekaHttpClient.java:77)
	at com.netflix.discovery.shared.transport.decorator.EurekaHttpClientDecorator.getApplications(EurekaHttpClientDecorator.java:134)
	at com.netflix.discovery.DiscoveryClient.getAndStoreFullRegistry(DiscoveryClient.java:1051)
	at com.netflix.discovery.DiscoveryClient.fetchRegistry(DiscoveryClient.java:965)
	at com.netflix.discovery.DiscoveryClient.<init>(DiscoveryClient.java:414)
	at com.netflix.discovery.DiscoveryClient.<init>(DiscoveryClient.java:269)
	at org.springframework.cloud.netflix.eureka.CloudEurekaClient.<init>(CloudEurekaClient.java:67)
	at org.springframework.cloud.netflix.eureka.EurekaClientAutoConfiguration$RefreshableEurekaClientConfiguration.eurekaClient(EurekaClientAutoConfiguration.java:330)
	at org.springframework.cloud.netflix.eureka.EurekaClientAutoConfiguration$RefreshableEurekaClientConfiguration$$EnhancerBySpringCGLIB$$ae20e13a.CGLIB$eurekaClient$0(<generated>)
	at org.springframework.cloud.netflix.eureka.EurekaClientAutoConfiguration$RefreshableEurekaClientConfiguration$$EnhancerBySpringCGLIB$$ae20e13a$$FastClassBySpringCGLIB$$1dea1a9e.invoke(<generated>)
	at org.springframework.cglib.proxy.MethodProxy.invokeSuper(MethodProxy.java:244)
	at org.springframework.context.annotation.ConfigurationClassEnhancer$BeanMethodInterceptor.intercept(ConfigurationClassEnhancer.java:363)
	at org.springframework.cloud.netflix.eureka.EurekaClientAutoConfiguration$RefreshableEurekaClientConfiguration$$EnhancerBySpringCGLIB$$ae20e13a.eurekaClient(<generated>)
	at sun.reflect.NativeMethodAccessorImpl.invoke0(Native Method)
	at sun.reflect.NativeMethodAccessorImpl.invoke(NativeMethodAccessorImpl.java:62)
	at sun.reflect.DelegatingMethodAccessorImpl.invoke(DelegatingMethodAccessorImpl.java:43)
	at java.lang.reflect.Method.invoke(Method.java:498)
	at org.springframework.beans.factory.support.SimpleInstantiationStrategy.instantiate(SimpleInstantiationStrategy.java:154)
	at org.springframework.beans.factory.support.ConstructorResolver.instantiate(ConstructorResolver.java:622)
	at org.springframework.beans.factory.support.ConstructorResolver.instantiateUsingFactoryMethod(ConstructorResolver.java:607)
	at org.springframework.beans.factory.support.AbstractAutowireCapableBeanFactory.instantiateUsingFactoryMethod(AbstractAutowireCapableBeanFactory.java:1321)
	at org.springframework.beans.factory.support.AbstractAutowireCapableBeanFactory.createBeanInstance(AbstractAutowireCapableBeanFactory.java:1160)
	at org.springframework.beans.factory.support.AbstractAutowireCapableBeanFactory.doCreateBean(AbstractAutowireCapableBeanFactory.java:555)
	at org.springframework.beans.factory.support.AbstractAutowireCapableBeanFactory.createBean(AbstractAutowireCapableBeanFactory.java:515)
	at org.springframework.beans.factory.support.AbstractBeanFactory.lambda$doGetBean$1(AbstractBeanFactory.java:356)
	at org.springframework.cloud.context.scope.GenericScope$BeanLifecycleWrapper.getBean(GenericScope.java:389)
	at org.springframework.cloud.context.scope.GenericScope.get(GenericScope.java:186)
	at org.springframework.beans.factory.support.AbstractBeanFactory.doGetBean(AbstractBeanFactory.java:353)
	at org.springframework.beans.factory.support.AbstractBeanFactory.getBean(AbstractBeanFactory.java:199)
	at org.springframework.aop.target.SimpleBeanTargetSource.getTarget(SimpleBeanTargetSource.java:35)
	at org.springframework.cloud.netflix.eureka.serviceregistry.EurekaRegistration.getTargetObject(EurekaRegistration.java:129)
	at org.springframework.cloud.netflix.eureka.serviceregistry.EurekaRegistration.getEurekaClient(EurekaRegistration.java:117)
	at sun.reflect.NativeMethodAccessorImpl.invoke0(Native Method)
	at sun.reflect.NativeMethodAccessorImpl.invoke(NativeMethodAccessorImpl.java:62)
	at sun.reflect.DelegatingMethodAccessorImpl.invoke(DelegatingMethodAccessorImpl.java:43)
	at java.lang.reflect.Method.invoke(Method.java:498)
	at org.springframework.util.ReflectionUtils.invokeMethod(ReflectionUtils.java:282)
	at org.springframework.cloud.context.scope.GenericScope$LockedScopedProxyFactoryBean.invoke(GenericScope.java:499)
	at org.springframework.aop.framework.ReflectiveMethodInvocation.proceed(ReflectiveMethodInvocation.java:186)
	at org.springframework.aop.framework.CglibAopProxy$DynamicAdvisedInterceptor.intercept(CglibAopProxy.java:688)
	at org.springframework.cloud.netflix.eureka.serviceregistry.EurekaRegistration$$EnhancerBySpringCGLIB$$b5a7ee4.getEurekaClient(<generated>)
	at org.springframework.cloud.netflix.eureka.serviceregistry.EurekaServiceRegistry.maybeInitializeClient(EurekaServiceRegistry.java:57)
	at org.springframework.cloud.netflix.eureka.serviceregistry.EurekaServiceRegistry.register(EurekaServiceRegistry.java:38)
	at org.springframework.cloud.netflix.eureka.serviceregistry.EurekaAutoServiceRegistration.start(EurekaAutoServiceRegistration.java:83)
	at org.springframework.context.support.DefaultLifecycleProcessor.doStart(DefaultLifecycleProcessor.java:182)
	at org.springframework.context.support.DefaultLifecycleProcessor.access$200(DefaultLifecycleProcessor.java:53)
	at org.springframework.context.support.DefaultLifecycleProcessor$LifecycleGroup.start(DefaultLifecycleProcessor.java:360)
	at org.springframework.context.support.DefaultLifecycleProcessor.startBeans(DefaultLifecycleProcessor.java:158)
	at org.springframework.context.support.DefaultLifecycleProcessor.onRefresh(DefaultLifecycleProcessor.java:122)
	at org.springframework.context.support.AbstractApplicationContext.finishRefresh(AbstractApplicationContext.java:893)
	at org.springframework.boot.web.servlet.context.ServletWebServerApplicationContext.finishRefresh(ServletWebServerApplicationContext.java:163)
	at org.springframework.context.support.AbstractApplicationContext.refresh(AbstractApplicationContext.java:552)
	at org.springframework.boot.web.servlet.context.ServletWebServerApplicationContext.refresh(ServletWebServerApplicationContext.java:142)
	at org.springframework.boot.SpringApplication.refresh(SpringApplication.java:775)
	at org.springframework.boot.SpringApplication.refreshContext(SpringApplication.java:397)
	at org.springframework.boot.SpringApplication.run(SpringApplication.java:316)
	at org.springframework.boot.builder.SpringApplicationBuilder.run(SpringApplicationBuilder.java:139)
	at com.netec.c.microservicios.spring.cloud.pdv.cuenta.CuentaApp.main(CuentaApp.java:27)
	at sun.reflect.NativeMethodAccessorImpl.invoke0(Native Method)
	at sun.reflect.NativeMethodAccessorImpl.invoke(NativeMethodAccessorImpl.java:62)
	at sun.reflect.DelegatingMethodAccessorImpl.invoke(DelegatingMethodAccessorImpl.java:43)
	at java.lang.reflect.Method.invoke(Method.java:498)
	at org.springframework.boot.loader.MainMethodRunner.run(MainMethodRunner.java:48)
	at org.springframework.boot.loader.Launcher.launch(Launcher.java:87)
	at org.springframework.boot.loader.Launcher.launch(Launcher.java:50)
	at org.springframework.boot.loader.JarLauncher.main(JarLauncher.java:51)
Caused by: java.net.ConnectException: Connection refused: connect
	at java.net.DualStackPlainSocketImpl.waitForConnect(Native Method)
	at java.net.DualStackPlainSocketImpl.socketConnect(DualStackPlainSocketImpl.java:85)
	at java.net.AbstractPlainSocketImpl.doConnect(AbstractPlainSocketImpl.java:350)
	at java.net.AbstractPlainSocketImpl.connectToAddress(AbstractPlainSocketImpl.java:206)
	at java.net.AbstractPlainSocketImpl.connect(AbstractPlainSocketImpl.java:188)
	at java.net.PlainSocketImpl.connect(PlainSocketImpl.java:172)
	at java.net.SocksSocketImpl.connect(SocksSocketImpl.java:392)
	at java.net.Socket.connect(Socket.java:589)
	at org.apache.http.conn.scheme.PlainSocketFactory.connectSocket(PlainSocketFactory.java:121)
	at org.apache.http.impl.conn.DefaultClientConnectionOperator.openConnection(DefaultClientConnectionOperator.java:180)
	at org.apache.http.impl.conn.AbstractPoolEntry.open(AbstractPoolEntry.java:144)
	at org.apache.http.impl.conn.AbstractPooledConnAdapter.open(AbstractPooledConnAdapter.java:134)
	at org.apache.http.impl.client.DefaultRequestDirector.tryConnect(DefaultRequestDirector.java:605)
	at org.apache.http.impl.client.DefaultRequestDirector.execute(DefaultRequestDirector.java:440)
	at org.apache.http.impl.client.AbstractHttpClient.doExecute(AbstractHttpClient.java:835)
	at org.apache.http.impl.client.CloseableHttpClient.execute(CloseableHttpClient.java:118)
	at org.apache.http.impl.client.CloseableHttpClient.execute(CloseableHttpClient.java:56)
	at com.sun.jersey.client.apache4.ApacheHttpClient4Handler.handle(ApacheHttpClient4Handler.java:173)
	... 85 common frames omitted
22:17:15.840 WARN  Request execution failed with message: java.net.ConnectException: Connection refused: connect
22:17:15.842 ERROR DiscoveryClient_SERVICIO-DE-CUENTAS/alpha:servicio-de-cuentas:9020 - was unable to refresh its cache! status = Cannot execute request on any known server
com.netflix.discovery.shared.transport.TransportException: Cannot execute request on any known server
	at com.netflix.discovery.shared.transport.decorator.RetryableEurekaHttpClient.execute(RetryableEurekaHttpClient.java:112)
	at com.netflix.discovery.shared.transport.decorator.EurekaHttpClientDecorator.getApplications(EurekaHttpClientDecorator.java:134)
	at com.netflix.discovery.shared.transport.decorator.EurekaHttpClientDecorator$6.execute(EurekaHttpClientDecorator.java:137)
	at com.netflix.discovery.shared.transport.decorator.SessionedEurekaHttpClient.execute(SessionedEurekaHttpClient.java:77)
	at com.netflix.discovery.shared.transport.decorator.EurekaHttpClientDecorator.getApplications(EurekaHttpClientDecorator.java:134)
	at com.netflix.discovery.DiscoveryClient.getAndStoreFullRegistry(DiscoveryClient.java:1051)
	at com.netflix.discovery.DiscoveryClient.fetchRegistry(DiscoveryClient.java:965)
	at com.netflix.discovery.DiscoveryClient.<init>(DiscoveryClient.java:414)
	at com.netflix.discovery.DiscoveryClient.<init>(DiscoveryClient.java:269)
	at org.springframework.cloud.netflix.eureka.CloudEurekaClient.<init>(CloudEurekaClient.java:67)
	at org.springframework.cloud.netflix.eureka.EurekaClientAutoConfiguration$RefreshableEurekaClientConfiguration.eurekaClient(EurekaClientAutoConfiguration.java:330)
	at org.springframework.cloud.netflix.eureka.EurekaClientAutoConfiguration$RefreshableEurekaClientConfiguration$$EnhancerBySpringCGLIB$$ae20e13a.CGLIB$eurekaClient$0(<generated>)
	at org.springframework.cloud.netflix.eureka.EurekaClientAutoConfiguration$RefreshableEurekaClientConfiguration$$EnhancerBySpringCGLIB$$ae20e13a$$FastClassBySpringCGLIB$$1dea1a9e.invoke(<generated>)
	at org.springframework.cglib.proxy.MethodProxy.invokeSuper(MethodProxy.java:244)
	at org.springframework.context.annotation.ConfigurationClassEnhancer$BeanMethodInterceptor.intercept(ConfigurationClassEnhancer.java:363)
	at org.springframework.cloud.netflix.eureka.EurekaClientAutoConfiguration$RefreshableEurekaClientConfiguration$$EnhancerBySpringCGLIB$$ae20e13a.eurekaClient(<generated>)
	at sun.reflect.NativeMethodAccessorImpl.invoke0(Native Method)
	at sun.reflect.NativeMethodAccessorImpl.invoke(NativeMethodAccessorImpl.java:62)
	at sun.reflect.DelegatingMethodAccessorImpl.invoke(DelegatingMethodAccessorImpl.java:43)
	at java.lang.reflect.Method.invoke(Method.java:498)
	at org.springframework.beans.factory.support.SimpleInstantiationStrategy.instantiate(SimpleInstantiationStrategy.java:154)
	at org.springframework.beans.factory.support.ConstructorResolver.instantiate(ConstructorResolver.java:622)
	at org.springframework.beans.factory.support.ConstructorResolver.instantiateUsingFactoryMethod(ConstructorResolver.java:607)
	at org.springframework.beans.factory.support.AbstractAutowireCapableBeanFactory.instantiateUsingFactoryMethod(AbstractAutowireCapableBeanFactory.java:1321)
	at org.springframework.beans.factory.support.AbstractAutowireCapableBeanFactory.createBeanInstance(AbstractAutowireCapableBeanFactory.java:1160)
	at org.springframework.beans.factory.support.AbstractAutowireCapableBeanFactory.doCreateBean(AbstractAutowireCapableBeanFactory.java:555)
	at org.springframework.beans.factory.support.AbstractAutowireCapableBeanFactory.createBean(AbstractAutowireCapableBeanFactory.java:515)
	at org.springframework.beans.factory.support.AbstractBeanFactory.lambda$doGetBean$1(AbstractBeanFactory.java:356)
	at org.springframework.cloud.context.scope.GenericScope$BeanLifecycleWrapper.getBean(GenericScope.java:389)
	at org.springframework.cloud.context.scope.GenericScope.get(GenericScope.java:186)
	at org.springframework.beans.factory.support.AbstractBeanFactory.doGetBean(AbstractBeanFactory.java:353)
	at org.springframework.beans.factory.support.AbstractBeanFactory.getBean(AbstractBeanFactory.java:199)
	at org.springframework.aop.target.SimpleBeanTargetSource.getTarget(SimpleBeanTargetSource.java:35)
	at org.springframework.cloud.netflix.eureka.serviceregistry.EurekaRegistration.getTargetObject(EurekaRegistration.java:129)
	at org.springframework.cloud.netflix.eureka.serviceregistry.EurekaRegistration.getEurekaClient(EurekaRegistration.java:117)
	at sun.reflect.NativeMethodAccessorImpl.invoke0(Native Method)
	at sun.reflect.NativeMethodAccessorImpl.invoke(NativeMethodAccessorImpl.java:62)
	at sun.reflect.DelegatingMethodAccessorImpl.invoke(DelegatingMethodAccessorImpl.java:43)
	at java.lang.reflect.Method.invoke(Method.java:498)
	at org.springframework.util.ReflectionUtils.invokeMethod(ReflectionUtils.java:282)
	at org.springframework.cloud.context.scope.GenericScope$LockedScopedProxyFactoryBean.invoke(GenericScope.java:499)
	at org.springframework.aop.framework.ReflectiveMethodInvocation.proceed(ReflectiveMethodInvocation.java:186)
	at org.springframework.aop.framework.CglibAopProxy$DynamicAdvisedInterceptor.intercept(CglibAopProxy.java:688)
	at org.springframework.cloud.netflix.eureka.serviceregistry.EurekaRegistration$$EnhancerBySpringCGLIB$$b5a7ee4.getEurekaClient(<generated>)
	at org.springframework.cloud.netflix.eureka.serviceregistry.EurekaServiceRegistry.maybeInitializeClient(EurekaServiceRegistry.java:57)
	at org.springframework.cloud.netflix.eureka.serviceregistry.EurekaServiceRegistry.register(EurekaServiceRegistry.java:38)
	at org.springframework.cloud.netflix.eureka.serviceregistry.EurekaAutoServiceRegistration.start(EurekaAutoServiceRegistration.java:83)
	at org.springframework.context.support.DefaultLifecycleProcessor.doStart(DefaultLifecycleProcessor.java:182)
	at org.springframework.context.support.DefaultLifecycleProcessor.access$200(DefaultLifecycleProcessor.java:53)
	at org.springframework.context.support.DefaultLifecycleProcessor$LifecycleGroup.start(DefaultLifecycleProcessor.java:360)
	at org.springframework.context.support.DefaultLifecycleProcessor.startBeans(DefaultLifecycleProcessor.java:158)
	at org.springframework.context.support.DefaultLifecycleProcessor.onRefresh(DefaultLifecycleProcessor.java:122)
	at org.springframework.context.support.AbstractApplicationContext.finishRefresh(AbstractApplicationContext.java:893)
	at org.springframework.boot.web.servlet.context.ServletWebServerApplicationContext.finishRefresh(ServletWebServerApplicationContext.java:163)
	at org.springframework.context.support.AbstractApplicationContext.refresh(AbstractApplicationContext.java:552)
	at org.springframework.boot.web.servlet.context.ServletWebServerApplicationContext.refresh(ServletWebServerApplicationContext.java:142)
	at org.springframework.boot.SpringApplication.refresh(SpringApplication.java:775)
	at org.springframework.boot.SpringApplication.refreshContext(SpringApplication.java:397)
	at org.springframework.boot.SpringApplication.run(SpringApplication.java:316)
	at org.springframework.boot.builder.SpringApplicationBuilder.run(SpringApplicationBuilder.java:139)
	at com.netec.c.microservicios.spring.cloud.pdv.cuenta.CuentaApp.main(CuentaApp.java:27)
	at sun.reflect.NativeMethodAccessorImpl.invoke0(Native Method)
	at sun.reflect.NativeMethodAccessorImpl.invoke(NativeMethodAccessorImpl.java:62)
	at sun.reflect.DelegatingMethodAccessorImpl.invoke(DelegatingMethodAccessorImpl.java:43)
	at java.lang.reflect.Method.invoke(Method.java:498)
	at org.springframework.boot.loader.MainMethodRunner.run(MainMethodRunner.java:48)
	at org.springframework.boot.loader.Launcher.launch(Launcher.java:87)
	at org.springframework.boot.loader.Launcher.launch(Launcher.java:50)
	at org.springframework.boot.loader.JarLauncher.main(JarLauncher.java:51)
22:17:15.929 WARN  Using default backup registry implementation which does not do anything.
22:17:15.932 INFO  Starting heartbeat executor: renew interval is: 30
22:17:15.934 INFO  InstanceInfoReplicator onDemand update allowed rate per min is 4
22:17:15.938 INFO  Discovery Client initialized at timestamp 1558495035937 with initial instances count: 0
22:17:15.945 INFO  Registering application SERVICIO-DE-CUENTAS with eureka with status UP
22:17:15.947 INFO  Saw local status change event StatusChangeEvent [timestamp=1558495035947, current=UP, previous=STARTING]
22:17:15.950 INFO  DiscoveryClient_SERVICIO-DE-CUENTAS/alpha:servicio-de-cuentas:9020: registering service...
22:17:15.972 INFO  Starting ProtocolHandler ["http-nio-9020"]
22:17:15.994 INFO  Tomcat started on port(s): 9020 (http) with context path ''
22:17:15.995 INFO  Updating port to 9020
22:17:15.997 INFO  Started CuentaApp in 16.261 seconds (JVM running for 16.685)
22:17:19.987 ERROR Request execution error. endpoint=DefaultEndpoint{ serviceUrl='http://localhost:3000/eureka/}
com.sun.jersey.api.client.ClientHandlerException: java.net.ConnectException: Connection refused: connect
	at com.sun.jersey.client.apache4.ApacheHttpClient4Handler.handle(ApacheHttpClient4Handler.java:187)
	at com.sun.jersey.api.client.filter.GZIPContentEncodingFilter.handle(GZIPContentEncodingFilter.java:123)
	at com.netflix.discovery.EurekaIdentityHeaderFilter.handle(EurekaIdentityHeaderFilter.java:27)
	at com.sun.jersey.api.client.Client.handle(Client.java:652)
	at com.sun.jersey.api.client.WebResource.handle(WebResource.java:682)
	at com.sun.jersey.api.client.WebResource.access$200(WebResource.java:74)
	at com.sun.jersey.api.client.WebResource$Builder.post(WebResource.java:570)
	at com.netflix.discovery.shared.transport.jersey.AbstractJerseyEurekaHttpClient.register(AbstractJerseyEurekaHttpClient.java:56)
	at com.netflix.discovery.shared.transport.decorator.EurekaHttpClientDecorator$1.execute(EurekaHttpClientDecorator.java:59)
	at com.netflix.discovery.shared.transport.decorator.MetricsCollectingEurekaHttpClient.execute(MetricsCollectingEurekaHttpClient.java:73)
	at com.netflix.discovery.shared.transport.decorator.EurekaHttpClientDecorator.register(EurekaHttpClientDecorator.java:56)
	at com.netflix.discovery.shared.transport.decorator.EurekaHttpClientDecorator$1.execute(EurekaHttpClientDecorator.java:59)
	at com.netflix.discovery.shared.transport.decorator.RedirectingEurekaHttpClient.executeOnNewServer(RedirectingEurekaHttpClient.java:118)
	at com.netflix.discovery.shared.transport.decorator.RedirectingEurekaHttpClient.execute(RedirectingEurekaHttpClient.java:79)
	at com.netflix.discovery.shared.transport.decorator.EurekaHttpClientDecorator.register(EurekaHttpClientDecorator.java:56)
	at com.netflix.discovery.shared.transport.decorator.EurekaHttpClientDecorator$1.execute(EurekaHttpClientDecorator.java:59)
	at com.netflix.discovery.shared.transport.decorator.RetryableEurekaHttpClient.execute(RetryableEurekaHttpClient.java:120)
	at com.netflix.discovery.shared.transport.decorator.EurekaHttpClientDecorator.register(EurekaHttpClientDecorator.java:56)
	at com.netflix.discovery.shared.transport.decorator.EurekaHttpClientDecorator$1.execute(EurekaHttpClientDecorator.java:59)
	at com.netflix.discovery.shared.transport.decorator.SessionedEurekaHttpClient.execute(SessionedEurekaHttpClient.java:77)
	at com.netflix.discovery.shared.transport.decorator.EurekaHttpClientDecorator.register(EurekaHttpClientDecorator.java:56)
	at com.netflix.discovery.DiscoveryClient.register(DiscoveryClient.java:829)
	at com.netflix.discovery.InstanceInfoReplicator.run(InstanceInfoReplicator.java:121)
	at com.netflix.discovery.InstanceInfoReplicator$1.run(InstanceInfoReplicator.java:101)
	at java.util.concurrent.Executors$RunnableAdapter.call(Executors.java:511)
	at java.util.concurrent.FutureTask.run(FutureTask.java:266)
	at java.util.concurrent.ScheduledThreadPoolExecutor$ScheduledFutureTask.access$201(ScheduledThreadPoolExecutor.java:180)
	at java.util.concurrent.ScheduledThreadPoolExecutor$ScheduledFutureTask.run(ScheduledThreadPoolExecutor.java:293)
	at java.util.concurrent.ThreadPoolExecutor.runWorker(ThreadPoolExecutor.java:1149)
	at java.util.concurrent.ThreadPoolExecutor$Worker.run(ThreadPoolExecutor.java:624)
	at java.lang.Thread.run(Thread.java:748)
Caused by: java.net.ConnectException: Connection refused: connect
	at java.net.DualStackPlainSocketImpl.waitForConnect(Native Method)
	at java.net.DualStackPlainSocketImpl.socketConnect(DualStackPlainSocketImpl.java:85)
	at java.net.AbstractPlainSocketImpl.doConnect(AbstractPlainSocketImpl.java:350)
	at java.net.AbstractPlainSocketImpl.connectToAddress(AbstractPlainSocketImpl.java:206)
	at java.net.AbstractPlainSocketImpl.connect(AbstractPlainSocketImpl.java:188)
	at java.net.PlainSocketImpl.connect(PlainSocketImpl.java:172)
	at java.net.SocksSocketImpl.connect(SocksSocketImpl.java:392)
	at java.net.Socket.connect(Socket.java:589)
	at org.apache.http.conn.scheme.PlainSocketFactory.connectSocket(PlainSocketFactory.java:121)
	at org.apache.http.impl.conn.DefaultClientConnectionOperator.openConnection(DefaultClientConnectionOperator.java:180)
	at org.apache.http.impl.conn.AbstractPoolEntry.open(AbstractPoolEntry.java:144)
	at org.apache.http.impl.conn.AbstractPooledConnAdapter.open(AbstractPooledConnAdapter.java:134)
	at org.apache.http.impl.client.DefaultRequestDirector.tryConnect(DefaultRequestDirector.java:605)
	at org.apache.http.impl.client.DefaultRequestDirector.execute(DefaultRequestDirector.java:440)
	at org.apache.http.impl.client.AbstractHttpClient.doExecute(AbstractHttpClient.java:835)
	at org.apache.http.impl.client.CloseableHttpClient.execute(CloseableHttpClient.java:118)
	at org.apache.http.impl.client.CloseableHttpClient.execute(CloseableHttpClient.java:56)
	at com.sun.jersey.client.apache4.ApacheHttpClient4Handler.handle(ApacheHttpClient4Handler.java:173)
	... 30 common frames omitted
22:17:19.996 WARN  Request execution failed with message: java.net.ConnectException: Connection refused: connect
22:17:19.997 WARN  DiscoveryClient_SERVICIO-DE-CUENTAS/alpha:servicio-de-cuentas:9020 - registration failed Cannot execute request on any known server
com.netflix.discovery.shared.transport.TransportException: Cannot execute request on any known server
	at com.netflix.discovery.shared.transport.decorator.RetryableEurekaHttpClient.execute(RetryableEurekaHttpClient.java:112)
	at com.netflix.discovery.shared.transport.decorator.EurekaHttpClientDecorator.register(EurekaHttpClientDecorator.java:56)
	at com.netflix.discovery.shared.transport.decorator.EurekaHttpClientDecorator$1.execute(EurekaHttpClientDecorator.java:59)
	at com.netflix.discovery.shared.transport.decorator.SessionedEurekaHttpClient.execute(SessionedEurekaHttpClient.java:77)
	at com.netflix.discovery.shared.transport.decorator.EurekaHttpClientDecorator.register(EurekaHttpClientDecorator.java:56)
	at com.netflix.discovery.DiscoveryClient.register(DiscoveryClient.java:829)
	at com.netflix.discovery.InstanceInfoReplicator.run(InstanceInfoReplicator.java:121)
	at com.netflix.discovery.InstanceInfoReplicator$1.run(InstanceInfoReplicator.java:101)
	at java.util.concurrent.Executors$RunnableAdapter.call(Executors.java:511)
	at java.util.concurrent.FutureTask.run(FutureTask.java:266)
	at java.util.concurrent.ScheduledThreadPoolExecutor$ScheduledFutureTask.access$201(ScheduledThreadPoolExecutor.java:180)
	at java.util.concurrent.ScheduledThreadPoolExecutor$ScheduledFutureTask.run(ScheduledThreadPoolExecutor.java:293)
	at java.util.concurrent.ThreadPoolExecutor.runWorker(ThreadPoolExecutor.java:1149)
	at java.util.concurrent.ThreadPoolExecutor$Worker.run(ThreadPoolExecutor.java:624)
	at java.lang.Thread.run(Thread.java:748)
22:17:20.000 WARN  There was a problem with the instance info replicator
com.netflix.discovery.shared.transport.TransportException: Cannot execute request on any known server
	at com.netflix.discovery.shared.transport.decorator.RetryableEurekaHttpClient.execute(RetryableEurekaHttpClient.java:112)
	at com.netflix.discovery.shared.transport.decorator.EurekaHttpClientDecorator.register(EurekaHttpClientDecorator.java:56)
	at com.netflix.discovery.shared.transport.decorator.EurekaHttpClientDecorator$1.execute(EurekaHttpClientDecorator.java:59)
	at com.netflix.discovery.shared.transport.decorator.SessionedEurekaHttpClient.execute(SessionedEurekaHttpClient.java:77)
	at com.netflix.discovery.shared.transport.decorator.EurekaHttpClientDecorator.register(EurekaHttpClientDecorator.java:56)
	at com.netflix.discovery.DiscoveryClient.register(DiscoveryClient.java:829)
	at com.netflix.discovery.InstanceInfoReplicator.run(InstanceInfoReplicator.java:121)
	at com.netflix.discovery.InstanceInfoReplicator$1.run(InstanceInfoReplicator.java:101)
	at java.util.concurrent.Executors$RunnableAdapter.call(Executors.java:511)
	at java.util.concurrent.FutureTask.run(FutureTask.java:266)
	at java.util.concurrent.ScheduledThreadPoolExecutor$ScheduledFutureTask.access$201(ScheduledThreadPoolExecutor.java:180)
	at java.util.concurrent.ScheduledThreadPoolExecutor$ScheduledFutureTask.run(ScheduledThreadPoolExecutor.java:293)
	at java.util.concurrent.ThreadPoolExecutor.runWorker(ThreadPoolExecutor.java:1149)
	at java.util.concurrent.ThreadPoolExecutor$Worker.run(ThreadPoolExecutor.java:624)
	at java.lang.Thread.run(Thread.java:748)
22:19:36.361 INFO  Bean 'org.springframework.cloud.autoconfigure.ConfigurationPropertiesRebinderAutoConfiguration' of type [org.springframework.cloud.autoconfigure.ConfigurationPropertiesRebinderAutoConfiguration$$EnhancerBySpringCGLIB$$9907f315] is not eligible for getting processed by all BeanPostProcessors (for example: not eligible for auto-proxying)
22:19:40.961 INFO  The following profiles are active: zona1
22:19:41.400 INFO  Bean 'org.springframework.cloud.autoconfigure.ConfigurationPropertiesRebinderAutoConfiguration' of type [org.springframework.cloud.autoconfigure.ConfigurationPropertiesRebinderAutoConfiguration$$EnhancerBySpringCGLIB$$e6b065] is not eligible for getting processed by all BeanPostProcessors (for example: not eligible for auto-proxying)
22:19:41.881 WARN  Endpoint ID 'service-registry' contains invalid characters, please migrate to a valid format.
22:19:42.266 INFO  BeanFactory id=31e58bbc-37eb-38c4-8977-7d34426324f8
22:19:42.557 INFO  Bean 'org.springframework.cloud.autoconfigure.ConfigurationPropertiesRebinderAutoConfiguration' of type [org.springframework.cloud.autoconfigure.ConfigurationPropertiesRebinderAutoConfiguration$$EnhancerBySpringCGLIB$$9907f315] is not eligible for getting processed by all BeanPostProcessors (for example: not eligible for auto-proxying)
22:19:42.929 INFO  Tomcat initialized with port(s): 9020 (http)
22:19:42.946 INFO  Initializing ProtocolHandler ["http-nio-9020"]
22:19:42.956 INFO  Starting service [Tomcat]
22:19:42.957 INFO  Starting Servlet engine: [Apache Tomcat/9.0.19]
22:19:43.048 INFO  Initializing Spring embedded WebApplicationContext
22:19:43.048 INFO  Root WebApplicationContext: initialization completed in 2072 ms
22:19:43.224 WARN  No URLs will be polled as dynamic configuration sources.
22:19:43.224 INFO  To enable URLs as dynamic configuration sources, define System property archaius.configurationSource.additionalUrls or make config.properties available on classpath.
22:19:43.243 INFO  DynamicPropertyFactory is initialized with configuration sources: com.netflix.config.ConcurrentCompositeConfiguration@503ecb24
22:19:45.095 DEBUG Filter 'requestLoggingFilter' configured for use
22:19:45.177 WARN  No URLs will be polled as dynamic configuration sources.
22:19:45.178 INFO  To enable URLs as dynamic configuration sources, define System property archaius.configurationSource.additionalUrls or make config.properties available on classpath.
22:19:45.638 INFO  Initializing ExecutorService 'applicationTaskExecutor'
22:19:46.026 INFO  The following profiles are active: zona2
22:19:47.547 WARN  Endpoint ID 'service-registry' contains invalid characters, please migrate to a valid format.
22:19:48.146 INFO  BeanFactory id=31e58bbc-37eb-38c4-8977-7d34426324f8
22:19:48.263 INFO  Exposing 2 endpoint(s) beneath base path '/actuator'
22:19:48.459 INFO  Setting initial instance status as: STARTING
22:19:48.541 INFO  Initializing Eureka in region us-east-1
22:19:48.698 INFO  Bean 'org.springframework.cloud.autoconfigure.ConfigurationPropertiesRebinderAutoConfiguration' of type [org.springframework.cloud.autoconfigure.ConfigurationPropertiesRebinderAutoConfiguration$$EnhancerBySpringCGLIB$$e6b065] is not eligible for getting processed by all BeanPostProcessors (for example: not eligible for auto-proxying)
22:19:49.412 INFO  Tomcat initialized with port(s): 9021 (http)
22:19:49.444 INFO  Initializing ProtocolHandler ["http-nio-9021"]
22:19:49.464 INFO  Using JSON encoding codec LegacyJacksonJson
22:19:49.472 INFO  Starting service [Tomcat]
22:19:49.466 INFO  Using JSON decoding codec LegacyJacksonJson
22:19:49.474 INFO  Starting Servlet engine: [Apache Tomcat/9.0.19]
22:19:49.639 INFO  Initializing Spring embedded WebApplicationContext
22:19:49.640 INFO  Root WebApplicationContext: initialization completed in 3569 ms
22:19:49.821 INFO  Using XML encoding codec XStreamXml
22:19:49.822 INFO  Using XML decoding codec XStreamXml
22:19:50.066 WARN  No URLs will be polled as dynamic configuration sources.
22:19:50.067 INFO  To enable URLs as dynamic configuration sources, define System property archaius.configurationSource.additionalUrls or make config.properties available on classpath.
22:19:50.104 INFO  DynamicPropertyFactory is initialized with configuration sources: com.netflix.config.ConcurrentCompositeConfiguration@648c94da
22:19:50.312 INFO  Resolving eureka endpoints via configuration
22:19:50.853 INFO  Disable delta property : false
22:19:50.854 INFO  Single vip registry refresh property : null
22:19:50.860 INFO  Force full registry fetch : false
22:19:50.862 INFO  Application is null : false
22:19:50.863 INFO  Registered Applications size is zero : true
22:19:50.864 INFO  Application version is -1: true
22:19:50.866 INFO  Getting all instance registry info from the eureka server
22:19:51.600 INFO  The response status is 200
22:19:51.612 INFO  Starting heartbeat executor: renew interval is: 30
22:19:51.619 INFO  InstanceInfoReplicator onDemand update allowed rate per min is 4
22:19:51.629 INFO  Discovery Client initialized at timestamp 1558495191627 with initial instances count: 0
22:19:51.652 INFO  Registering application SERVICIO-DE-CUENTAS with eureka with status UP
22:19:51.655 INFO  Saw local status change event StatusChangeEvent [timestamp=1558495191655, current=UP, previous=STARTING]
22:19:51.693 INFO  DiscoveryClient_SERVICIO-DE-CUENTAS/alpha:servicio-de-cuentas:9020: registering service...
22:19:51.778 INFO  Starting ProtocolHandler ["http-nio-9020"]
22:19:52.019 INFO  Tomcat started on port(s): 9020 (http) with context path ''
22:19:52.031 INFO  Updating port to 9020
22:19:52.044 INFO  Started CuentaApp in 17.181 seconds (JVM running for 18.111)
22:19:52.044 INFO  DiscoveryClient_SERVICIO-DE-CUENTAS/alpha:servicio-de-cuentas:9020 - registration status: 204
22:19:53.344 INFO  Initializing Spring DispatcherServlet 'dispatcherServlet'
22:19:53.345 INFO  Initializing Servlet 'dispatcherServlet'
22:19:53.348 DEBUG Filter 'requestLoggingFilter' configured for use
22:19:53.372 INFO  Completed initialization in 24 ms
22:19:53.471 WARN  No URLs will be polled as dynamic configuration sources.
22:19:53.472 INFO  To enable URLs as dynamic configuration sources, define System property archaius.configurationSource.additionalUrls or make config.properties available on classpath.
22:19:54.078 INFO  Initializing ExecutorService 'applicationTaskExecutor'
22:19:56.504 INFO  Exposing 2 endpoint(s) beneath base path '/actuator'
22:19:56.702 INFO  Setting initial instance status as: STARTING
22:19:56.795 INFO  Initializing Eureka in region us-east-1
22:19:57.371 INFO  Using JSON encoding codec LegacyJacksonJson
22:19:57.371 INFO  Using JSON decoding codec LegacyJacksonJson
22:19:57.593 INFO  Using XML encoding codec XStreamXml
22:19:57.594 INFO  Using XML decoding codec XStreamXml
22:19:58.024 INFO  Resolving eureka endpoints via configuration
22:19:58.621 INFO  Disable delta property : false
22:19:58.627 INFO  Single vip registry refresh property : null
22:19:58.628 INFO  Force full registry fetch : false
22:19:58.629 INFO  Application is null : false
22:19:58.629 INFO  Registered Applications size is zero : true
22:19:58.630 INFO  Application version is -1: true
22:19:58.630 INFO  Getting all instance registry info from the eureka server
22:19:59.387 INFO  The response status is 200
22:19:59.391 INFO  Starting heartbeat executor: renew interval is: 30
22:19:59.396 INFO  InstanceInfoReplicator onDemand update allowed rate per min is 4
22:19:59.404 INFO  Discovery Client initialized at timestamp 1558495199402 with initial instances count: 0
22:19:59.417 INFO  Registering application SERVICIO-DE-CUENTAS with eureka with status UP
22:19:59.419 INFO  Saw local status change event StatusChangeEvent [timestamp=1558495199419, current=UP, previous=STARTING]
22:19:59.427 INFO  DiscoveryClient_SERVICIO-DE-CUENTAS/alpha:servicio-de-cuentas:9021: registering service...
22:19:59.473 INFO  Starting ProtocolHandler ["http-nio-9021"]
22:19:59.519 INFO  Tomcat started on port(s): 9021 (http) with context path ''
22:19:59.523 INFO  Updating port to 9021
22:19:59.535 INFO  Started CuentaApp in 19.947 seconds (JVM running for 20.64)
22:19:59.553 INFO  DiscoveryClient_SERVICIO-DE-CUENTAS/alpha:servicio-de-cuentas:9021 - registration status: 204
22:19:59.996 INFO  Initializing Spring DispatcherServlet 'dispatcherServlet'
22:19:59.998 INFO  Initializing Servlet 'dispatcherServlet'
22:20:00.057 INFO  Completed initialization in 49 ms
22:20:21.613 INFO  Disable delta property : false
22:20:21.613 INFO  Single vip registry refresh property : null
22:20:21.615 INFO  Force full registry fetch : false
22:20:21.616 INFO  Application is null : false
22:20:21.617 INFO  Registered Applications size is zero : true
22:20:21.618 INFO  Application version is -1: false
22:20:21.619 INFO  Getting all instance registry info from the eureka server
22:20:21.658 INFO  The response status is 200
22:20:29.393 INFO  Disable delta property : false
22:20:29.393 INFO  Single vip registry refresh property : null
22:20:29.394 INFO  Force full registry fetch : false
22:20:29.397 INFO  Application is null : false
22:20:29.397 INFO  Registered Applications size is zero : true
22:20:29.397 INFO  Application version is -1: false
22:20:29.399 INFO  Getting all instance registry info from the eureka server
22:20:29.437 INFO  The response status is 200
22:21:28.339 DEBUG Before request [uri=/actuator/info;headers=[host:"alpha:9020", user-agent:"Mozilla/5.0 (Windows NT 10.0; Win64; x64; rv:66.0) Gecko/20100101 Firefox/66.0", accept:"text/html,application/xhtml+xml,application/xml;q=0.9,*/*;q=0.8", accept-language:"es-MX,es;q=0.8,en-US;q=0.5,en;q=0.3", accept-encoding:"gzip, deflate", referer:"http://localhost:3000/", connection:"keep-alive", upgrade-insecure-requests:"1"]]
22:21:28.375 DEBUG REQ:uri=/actuator/info;headers=[host:"alpha:9020", user-agent:"Mozilla/5.0 (Windows NT 10.0; Win64; x64; rv:66.0) Gecko/20100101 Firefox/66.0", accept:"text/html,application/xhtml+xml,application/xml;q=0.9,*/*;q=0.8", accept-language:"es-MX,es;q=0.8,en-US;q=0.5,en;q=0.3", accept-encoding:"gzip, deflate", referer:"http://localhost:3000/", connection:"keep-alive", upgrade-insecure-requests:"1"]]
22:21:30.805 DEBUG Before request [uri=/actuator/info;headers=[host:"alpha:9021", user-agent:"Mozilla/5.0 (Windows NT 10.0; Win64; x64; rv:66.0) Gecko/20100101 Firefox/66.0", accept:"text/html,application/xhtml+xml,application/xml;q=0.9,*/*;q=0.8", accept-language:"es-MX,es;q=0.8,en-US;q=0.5,en;q=0.3", accept-encoding:"gzip, deflate", referer:"http://localhost:3000/", connection:"keep-alive", upgrade-insecure-requests:"1"]]
22:21:30.838 DEBUG REQ:uri=/actuator/info;headers=[host:"alpha:9021", user-agent:"Mozilla/5.0 (Windows NT 10.0; Win64; x64; rv:66.0) Gecko/20100101 Firefox/66.0", accept:"text/html,application/xhtml+xml,application/xml;q=0.9,*/*;q=0.8", accept-language:"es-MX,es;q=0.8,en-US;q=0.5,en;q=0.3", accept-encoding:"gzip, deflate", referer:"http://localhost:3000/", connection:"keep-alive", upgrade-insecure-requests:"1"]]
22:21:39.532 DEBUG Before request [uri=/actuator/;headers=[host:"alpha:9020", user-agent:"Mozilla/5.0 (Windows NT 10.0; Win64; x64; rv:66.0) Gecko/20100101 Firefox/66.0", accept:"text/html,application/xhtml+xml,application/xml;q=0.9,*/*;q=0.8", accept-language:"es-MX,es;q=0.8,en-US;q=0.5,en;q=0.3", accept-encoding:"gzip, deflate", connection:"keep-alive", upgrade-insecure-requests:"1"]]
22:21:39.536 DEBUG REQ:uri=/actuator/;headers=[host:"alpha:9020", user-agent:"Mozilla/5.0 (Windows NT 10.0; Win64; x64; rv:66.0) Gecko/20100101 Firefox/66.0", accept:"text/html,application/xhtml+xml,application/xml;q=0.9,*/*;q=0.8", accept-language:"es-MX,es;q=0.8,en-US;q=0.5,en;q=0.3", accept-encoding:"gzip, deflate", connection:"keep-alive", upgrade-insecure-requests:"1"]]
22:21:45.787 DEBUG Before request [uri=/actuator;headers=[host:"alpha:9021", user-agent:"Mozilla/5.0 (Windows NT 10.0; Win64; x64; rv:66.0) Gecko/20100101 Firefox/66.0", accept:"text/html,application/xhtml+xml,application/xml;q=0.9,*/*;q=0.8", accept-language:"es-MX,es;q=0.8,en-US;q=0.5,en;q=0.3", accept-encoding:"gzip, deflate", connection:"keep-alive", upgrade-insecure-requests:"1"]]
22:21:45.790 DEBUG REQ:uri=/actuator;headers=[host:"alpha:9021", user-agent:"Mozilla/5.0 (Windows NT 10.0; Win64; x64; rv:66.0) Gecko/20100101 Firefox/66.0", accept:"text/html,application/xhtml+xml,application/xml;q=0.9,*/*;q=0.8", accept-language:"es-MX,es;q=0.8,en-US;q=0.5,en;q=0.3", accept-encoding:"gzip, deflate", connection:"keep-alive", upgrade-insecure-requests:"1"]]
22:26:16.686 INFO  Bean 'org.springframework.cloud.autoconfigure.ConfigurationPropertiesRebinderAutoConfiguration' of type [org.springframework.cloud.autoconfigure.ConfigurationPropertiesRebinderAutoConfiguration$$EnhancerBySpringCGLIB$$e6d3dc3e] is not eligible for getting processed by all BeanPostProcessors (for example: not eligible for auto-proxying)
22:26:21.233 INFO  The following profiles are active: zona1
22:26:21.756 INFO  Bean 'org.springframework.cloud.autoconfigure.ConfigurationPropertiesRebinderAutoConfiguration' of type [org.springframework.cloud.autoconfigure.ConfigurationPropertiesRebinderAutoConfiguration$$EnhancerBySpringCGLIB$$1f795f9d] is not eligible for getting processed by all BeanPostProcessors (for example: not eligible for auto-proxying)
22:26:22.241 WARN  Endpoint ID 'service-registry' contains invalid characters, please migrate to a valid format.
22:26:22.645 INFO  BeanFactory id=31e58bbc-37eb-38c4-8977-7d34426324f8
22:26:22.987 INFO  Bean 'org.springframework.cloud.autoconfigure.ConfigurationPropertiesRebinderAutoConfiguration' of type [org.springframework.cloud.autoconfigure.ConfigurationPropertiesRebinderAutoConfiguration$$EnhancerBySpringCGLIB$$e6d3dc3e] is not eligible for getting processed by all BeanPostProcessors (for example: not eligible for auto-proxying)
22:26:23.370 INFO  Tomcat initialized with port(s): 9020 (http)
22:26:23.387 INFO  Initializing ProtocolHandler ["http-nio-9020"]
22:26:23.398 INFO  Starting service [Tomcat]
22:26:23.398 INFO  Starting Servlet engine: [Apache Tomcat/9.0.19]
22:26:23.520 INFO  Initializing Spring embedded WebApplicationContext
22:26:23.520 INFO  Root WebApplicationContext: initialization completed in 2264 ms
22:26:23.728 WARN  No URLs will be polled as dynamic configuration sources.
22:26:23.729 INFO  To enable URLs as dynamic configuration sources, define System property archaius.configurationSource.additionalUrls or make config.properties available on classpath.
22:26:23.753 INFO  DynamicPropertyFactory is initialized with configuration sources: com.netflix.config.ConcurrentCompositeConfiguration@79179359
22:26:25.805 DEBUG Filter 'requestLoggingFilter' configured for use
22:26:25.892 WARN  No URLs will be polled as dynamic configuration sources.
22:26:25.892 INFO  To enable URLs as dynamic configuration sources, define System property archaius.configurationSource.additionalUrls or make config.properties available on classpath.
22:26:26.294 INFO  The following profiles are active: zona2
22:26:26.523 INFO  Initializing ExecutorService 'applicationTaskExecutor'
22:26:28.141 WARN  Endpoint ID 'service-registry' contains invalid characters, please migrate to a valid format.
22:26:28.878 INFO  BeanFactory id=31e58bbc-37eb-38c4-8977-7d34426324f8
22:26:29.641 INFO  Bean 'org.springframework.cloud.autoconfigure.ConfigurationPropertiesRebinderAutoConfiguration' of type [org.springframework.cloud.autoconfigure.ConfigurationPropertiesRebinderAutoConfiguration$$EnhancerBySpringCGLIB$$1f795f9d] is not eligible for getting processed by all BeanPostProcessors (for example: not eligible for auto-proxying)
22:26:30.100 INFO  Exposing 2 endpoint(s) beneath base path '/actuator'
22:26:30.457 INFO  Setting initial instance status as: STARTING
22:26:30.655 INFO  Initializing Eureka in region us-east-1
22:26:30.824 INFO  Tomcat initialized with port(s): 9021 (http)
22:26:30.870 INFO  Initializing ProtocolHandler ["http-nio-9021"]
22:26:30.919 INFO  Starting service [Tomcat]
22:26:30.931 INFO  Starting Servlet engine: [Apache Tomcat/9.0.19]
22:26:31.220 INFO  Initializing Spring embedded WebApplicationContext
22:26:31.245 INFO  Root WebApplicationContext: initialization completed in 4916 ms
22:26:31.738 WARN  No URLs will be polled as dynamic configuration sources.
22:26:31.744 INFO  To enable URLs as dynamic configuration sources, define System property archaius.configurationSource.additionalUrls or make config.properties available on classpath.
22:26:31.801 INFO  DynamicPropertyFactory is initialized with configuration sources: com.netflix.config.ConcurrentCompositeConfiguration@2f1de2d6
22:26:32.084 INFO  Initializing Spring DispatcherServlet 'dispatcherServlet'
22:26:32.154 INFO  Initializing Servlet 'dispatcherServlet'
22:26:32.456 INFO  Completed initialization in 213 ms
22:26:32.708 INFO  Using JSON encoding codec LegacyJacksonJson
22:26:32.709 INFO  Using JSON decoding codec LegacyJacksonJson
22:26:33.174 INFO  Using XML encoding codec XStreamXml
22:26:33.179 INFO  Using XML decoding codec XStreamXml
22:26:34.190 INFO  Resolving eureka endpoints via configuration
22:26:35.793 INFO  Disable delta property : false
22:26:35.806 INFO  Single vip registry refresh property : null
22:26:35.810 INFO  Force full registry fetch : false
22:26:35.811 INFO  Application is null : false
22:26:35.813 INFO  Registered Applications size is zero : true
22:26:35.814 INFO  Application version is -1: true
22:26:35.816 INFO  Getting all instance registry info from the eureka server
22:26:36.302 INFO  The response status is 200
22:26:36.310 INFO  Starting heartbeat executor: renew interval is: 30
22:26:36.316 INFO  InstanceInfoReplicator onDemand update allowed rate per min is 4
22:26:36.325 INFO  Discovery Client initialized at timestamp 1558495596323 with initial instances count: 2
22:26:36.343 INFO  Registering application SERVICIO-DE-CUENTAS with eureka with status UP
22:26:36.346 INFO  Saw local status change event StatusChangeEvent [timestamp=1558495596346, current=UP, previous=STARTING]
22:26:36.388 INFO  DiscoveryClient_SERVICIO-DE-CUENTAS/alpha:servicio-de-cuentas:9020: registering service...
22:26:36.419 INFO  Starting ProtocolHandler ["http-nio-9020"]
22:26:36.517 INFO  DiscoveryClient_SERVICIO-DE-CUENTAS/alpha:servicio-de-cuentas:9020 - registration status: 204
22:26:36.530 INFO  Tomcat started on port(s): 9020 (http) with context path ''
22:26:36.532 INFO  Updating port to 9020
22:26:36.535 INFO  Started CuentaApp in 21.497 seconds (JVM running for 22.191)
22:26:36.745 DEBUG Filter 'requestLoggingFilter' configured for use
22:26:37.048 WARN  No URLs will be polled as dynamic configuration sources.
22:26:37.050 INFO  To enable URLs as dynamic configuration sources, define System property archaius.configurationSource.additionalUrls or make config.properties available on classpath.
22:26:37.806 INFO  Initializing ExecutorService 'applicationTaskExecutor'
22:26:43.499 INFO  Exposing 2 endpoint(s) beneath base path '/actuator'
22:26:44.025 INFO  Setting initial instance status as: STARTING
22:26:44.267 INFO  Initializing Eureka in region us-east-1
22:26:46.370 INFO  Using JSON encoding codec LegacyJacksonJson
22:26:46.416 INFO  Using JSON decoding codec LegacyJacksonJson
22:26:46.997 INFO  Using XML encoding codec XStreamXml
22:26:47.002 INFO  Using XML decoding codec XStreamXml
22:26:47.969 INFO  Resolving eureka endpoints via configuration
22:26:49.265 INFO  Initializing Spring DispatcherServlet 'dispatcherServlet'
22:26:49.272 INFO  Disable delta property : false
22:26:49.277 INFO  Initializing Servlet 'dispatcherServlet'
22:26:49.277 INFO  Single vip registry refresh property : null
22:26:49.278 INFO  Force full registry fetch : false
22:26:49.281 INFO  Application is null : false
22:26:49.283 INFO  Registered Applications size is zero : true
22:26:49.285 INFO  Application version is -1: true
22:26:49.286 INFO  Getting all instance registry info from the eureka server
22:26:49.316 INFO  Completed initialization in 35 ms
22:26:49.960 INFO  The response status is 200
22:26:49.968 INFO  Starting heartbeat executor: renew interval is: 30
22:26:49.980 INFO  InstanceInfoReplicator onDemand update allowed rate per min is 4
22:26:49.988 INFO  Discovery Client initialized at timestamp 1558495609986 with initial instances count: 2
22:26:50.038 INFO  Registering application SERVICIO-DE-CUENTAS with eureka with status UP
22:26:50.041 INFO  Saw local status change event StatusChangeEvent [timestamp=1558495610041, current=UP, previous=STARTING]
22:26:50.083 INFO  DiscoveryClient_SERVICIO-DE-CUENTAS/alpha:servicio-de-cuentas:9021: registering service...
22:26:50.143 INFO  Starting ProtocolHandler ["http-nio-9021"]
22:26:50.182 INFO  DiscoveryClient_SERVICIO-DE-CUENTAS/alpha:servicio-de-cuentas:9021 - registration status: 204
22:26:50.266 INFO  Tomcat started on port(s): 9021 (http) with context path ''
22:26:50.272 INFO  Updating port to 9021
22:26:50.275 INFO  Started CuentaApp in 30.139 seconds (JVM running for 30.79)
22:31:35.824 INFO  Resolving eureka endpoints via configuration
22:31:49.294 INFO  Resolving eureka endpoints via configuration
22:37:54.875 INFO  Bean 'org.springframework.cloud.autoconfigure.ConfigurationPropertiesRebinderAutoConfiguration' of type [org.springframework.cloud.autoconfigure.ConfigurationPropertiesRebinderAutoConfiguration$$EnhancerBySpringCGLIB$$42e151e9] is not eligible for getting processed by all BeanPostProcessors (for example: not eligible for auto-proxying)
22:37:59.299 INFO  Bean 'org.springframework.cloud.autoconfigure.ConfigurationPropertiesRebinderAutoConfiguration' of type [org.springframework.cloud.autoconfigure.ConfigurationPropertiesRebinderAutoConfiguration$$EnhancerBySpringCGLIB$$1f795f9d] is not eligible for getting processed by all BeanPostProcessors (for example: not eligible for auto-proxying)
22:37:59.393 INFO  The following profiles are active: zona1
22:38:01.052 WARN  Endpoint ID 'service-registry' contains invalid characters, please migrate to a valid format.
22:38:01.839 INFO  BeanFactory id=31e58bbc-37eb-38c4-8977-7d34426324f8
22:38:02.301 INFO  Bean 'org.springframework.cloud.autoconfigure.ConfigurationPropertiesRebinderAutoConfiguration' of type [org.springframework.cloud.autoconfigure.ConfigurationPropertiesRebinderAutoConfiguration$$EnhancerBySpringCGLIB$$42e151e9] is not eligible for getting processed by all BeanPostProcessors (for example: not eligible for auto-proxying)
22:38:02.878 INFO  Tomcat initialized with port(s): 9020 (http)
22:38:02.900 INFO  Initializing ProtocolHandler ["http-nio-9020"]
22:38:02.918 INFO  Starting service [Tomcat]
22:38:02.918 INFO  Starting Servlet engine: [Apache Tomcat/9.0.19]
22:38:03.072 INFO  Initializing Spring embedded WebApplicationContext
22:38:03.072 INFO  Root WebApplicationContext: initialization completed in 3648 ms
22:38:03.334 WARN  No URLs will be polled as dynamic configuration sources.
22:38:03.335 INFO  To enable URLs as dynamic configuration sources, define System property archaius.configurationSource.additionalUrls or make config.properties available on classpath.
22:38:03.362 INFO  DynamicPropertyFactory is initialized with configuration sources: com.netflix.config.ConcurrentCompositeConfiguration@2a62b5bc
22:38:03.785 INFO  The following profiles are active: zona2
22:38:05.091 WARN  Endpoint ID 'service-registry' contains invalid characters, please migrate to a valid format.
22:38:05.970 INFO  BeanFactory id=31e58bbc-37eb-38c4-8977-7d34426324f8
22:38:06.059 DEBUG Filter 'requestLoggingFilter' configured for use
22:38:06.229 WARN  No URLs will be polled as dynamic configuration sources.
22:38:06.231 INFO  To enable URLs as dynamic configuration sources, define System property archaius.configurationSource.additionalUrls or make config.properties available on classpath.
22:38:06.773 INFO  Bean 'org.springframework.cloud.autoconfigure.ConfigurationPropertiesRebinderAutoConfiguration' of type [org.springframework.cloud.autoconfigure.ConfigurationPropertiesRebinderAutoConfiguration$$EnhancerBySpringCGLIB$$1f795f9d] is not eligible for getting processed by all BeanPostProcessors (for example: not eligible for auto-proxying)
22:38:07.042 INFO  Initializing ExecutorService 'applicationTaskExecutor'
22:38:07.998 INFO  Tomcat initialized with port(s): 9021 (http)
22:38:08.036 INFO  Initializing ProtocolHandler ["http-nio-9021"]
22:38:08.097 INFO  Starting service [Tomcat]
22:38:08.099 INFO  Starting Servlet engine: [Apache Tomcat/9.0.19]
22:38:08.530 INFO  Initializing Spring embedded WebApplicationContext
22:38:08.534 INFO  Root WebApplicationContext: initialization completed in 4720 ms
22:38:09.050 WARN  No URLs will be polled as dynamic configuration sources.
22:38:09.050 INFO  To enable URLs as dynamic configuration sources, define System property archaius.configurationSource.additionalUrls or make config.properties available on classpath.
22:38:09.104 INFO  DynamicPropertyFactory is initialized with configuration sources: com.netflix.config.ConcurrentCompositeConfiguration@6a55299e
22:38:11.273 INFO  Exposing 2 endpoint(s) beneath base path '/actuator'
22:38:11.514 INFO  Setting initial instance status as: STARTING
22:38:11.607 INFO  Initializing Eureka in region us-east-1
22:38:12.553 DEBUG Filter 'requestLoggingFilter' configured for use
22:38:12.775 WARN  No URLs will be polled as dynamic configuration sources.
22:38:12.776 INFO  To enable URLs as dynamic configuration sources, define System property archaius.configurationSource.additionalUrls or make config.properties available on classpath.
22:38:12.819 INFO  Using JSON encoding codec LegacyJacksonJson
22:38:12.863 INFO  Using JSON decoding codec LegacyJacksonJson
22:38:13.739 INFO  Using XML encoding codec XStreamXml
22:38:13.748 INFO  Using XML decoding codec XStreamXml
22:38:14.085 INFO  Initializing ExecutorService 'applicationTaskExecutor'
22:38:14.638 INFO  Resolving eureka endpoints via configuration
22:38:14.700 INFO  Initializing Spring DispatcherServlet 'dispatcherServlet'
22:38:14.726 INFO  Initializing Servlet 'dispatcherServlet'
22:38:14.783 INFO  Completed initialization in 41 ms
22:38:17.041 INFO  Disable delta property : false
22:38:17.081 INFO  Single vip registry refresh property : null
22:38:17.116 INFO  Force full registry fetch : false
22:38:17.117 INFO  Application is null : false
22:38:17.162 INFO  Registered Applications size is zero : true
22:38:17.165 INFO  Application version is -1: true
22:38:17.194 INFO  Getting all instance registry info from the eureka server
22:38:17.784 INFO  The response status is 200
22:38:17.796 INFO  Starting heartbeat executor: renew interval is: 30
22:38:17.806 INFO  InstanceInfoReplicator onDemand update allowed rate per min is 4
22:38:17.815 INFO  Discovery Client initialized at timestamp 1558496297814 with initial instances count: 2
22:38:17.841 INFO  Registering application SERVICIO-DE-CUENTAS with eureka with status UP
22:38:17.857 INFO  Saw local status change event StatusChangeEvent [timestamp=1558496297857, current=UP, previous=STARTING]
22:38:17.876 INFO  DiscoveryClient_SERVICIO-DE-CUENTAS/alpha:servicio-de-cuentas:9020: registering service...
22:38:17.980 INFO  DiscoveryClient_SERVICIO-DE-CUENTAS/alpha:servicio-de-cuentas:9020 - registration status: 204
22:38:17.980 INFO  Starting ProtocolHandler ["http-nio-9020"]
22:38:18.053 INFO  Tomcat started on port(s): 9020 (http) with context path ''
22:38:18.078 INFO  Updating port to 9020
22:38:18.143 INFO  Started CuentaApp in 25.569 seconds (JVM running for 26.732)
22:38:19.914 INFO  Exposing 2 endpoint(s) beneath base path '/actuator'
22:38:20.132 INFO  Setting initial instance status as: STARTING
22:38:20.254 INFO  Initializing Eureka in region us-east-1
22:38:21.713 INFO  Using JSON encoding codec LegacyJacksonJson
22:38:21.713 INFO  Using JSON decoding codec LegacyJacksonJson
22:38:22.264 INFO  Using XML encoding codec XStreamXml
22:38:22.329 INFO  Using XML decoding codec XStreamXml
22:38:23.492 INFO  Resolving eureka endpoints via configuration
22:38:24.184 INFO  Initializing Spring DispatcherServlet 'dispatcherServlet'
22:38:24.186 INFO  Initializing Servlet 'dispatcherServlet'
22:38:24.215 INFO  Completed initialization in 28 ms
22:38:24.918 INFO  Disable delta property : false
22:38:24.946 INFO  Single vip registry refresh property : null
22:38:24.951 INFO  Force full registry fetch : false
22:38:24.951 INFO  Application is null : false
22:38:24.952 INFO  Registered Applications size is zero : true
22:38:24.976 INFO  Application version is -1: true
22:38:25.018 INFO  Getting all instance registry info from the eureka server
22:38:25.442 INFO  The response status is 200
22:38:25.446 INFO  Starting heartbeat executor: renew interval is: 30
22:38:25.450 INFO  InstanceInfoReplicator onDemand update allowed rate per min is 4
22:38:25.457 INFO  Discovery Client initialized at timestamp 1558496305455 with initial instances count: 2
22:38:25.467 INFO  Registering application SERVICIO-DE-CUENTAS with eureka with status UP
22:38:25.540 INFO  Saw local status change event StatusChangeEvent [timestamp=1558496305540, current=UP, previous=STARTING]
22:38:25.602 INFO  DiscoveryClient_SERVICIO-DE-CUENTAS/alpha:servicio-de-cuentas:9021: registering service...
22:38:25.639 INFO  Starting ProtocolHandler ["http-nio-9021"]
22:38:25.690 INFO  DiscoveryClient_SERVICIO-DE-CUENTAS/alpha:servicio-de-cuentas:9021 - registration status: 204
22:38:25.705 INFO  Tomcat started on port(s): 9021 (http) with context path ''
22:38:25.712 INFO  Updating port to 9021
22:38:25.714 INFO  Started CuentaApp in 28.303 seconds (JVM running for 29.147)
22:43:17.223 INFO  Resolving eureka endpoints via configuration
22:43:25.030 INFO  Resolving eureka endpoints via configuration
22:48:17.224 INFO  Resolving eureka endpoints via configuration
22:48:25.031 INFO  Resolving eureka endpoints via configuration
22:56:04.753 INFO  Bean 'org.springframework.cloud.autoconfigure.ConfigurationPropertiesRebinderAutoConfiguration' of type [org.springframework.cloud.autoconfigure.ConfigurationPropertiesRebinderAutoConfiguration$$EnhancerBySpringCGLIB$$f1f067f0] is not eligible for getting processed by all BeanPostProcessors (for example: not eligible for auto-proxying)
22:56:08.850 INFO  Bean 'org.springframework.cloud.autoconfigure.ConfigurationPropertiesRebinderAutoConfiguration' of type [org.springframework.cloud.autoconfigure.ConfigurationPropertiesRebinderAutoConfiguration$$EnhancerBySpringCGLIB$$17ad6abf] is not eligible for getting processed by all BeanPostProcessors (for example: not eligible for auto-proxying)
22:56:09.183 INFO  The following profiles are active: zona1
22:56:10.526 WARN  Endpoint ID 'service-registry' contains invalid characters, please migrate to a valid format.
22:56:11.065 INFO  BeanFactory id=31e58bbc-37eb-38c4-8977-7d34426324f8
22:56:11.571 INFO  Bean 'org.springframework.cloud.autoconfigure.ConfigurationPropertiesRebinderAutoConfiguration' of type [org.springframework.cloud.autoconfigure.ConfigurationPropertiesRebinderAutoConfiguration$$EnhancerBySpringCGLIB$$f1f067f0] is not eligible for getting processed by all BeanPostProcessors (for example: not eligible for auto-proxying)
22:56:12.135 INFO  Tomcat initialized with port(s): 9020 (http)
22:56:12.162 INFO  Initializing ProtocolHandler ["http-nio-9020"]
22:56:12.178 INFO  Starting service [Tomcat]
22:56:12.179 INFO  Starting Servlet engine: [Apache Tomcat/9.0.19]
22:56:12.325 INFO  Initializing Spring embedded WebApplicationContext
22:56:12.326 INFO  Root WebApplicationContext: initialization completed in 3118 ms
22:56:12.611 WARN  No URLs will be polled as dynamic configuration sources.
22:56:12.612 INFO  To enable URLs as dynamic configuration sources, define System property archaius.configurationSource.additionalUrls or make config.properties available on classpath.
22:56:12.640 INFO  DynamicPropertyFactory is initialized with configuration sources: com.netflix.config.ConcurrentCompositeConfiguration@4f9a2c08
22:56:13.360 INFO  The following profiles are active: zona2
22:56:14.973 WARN  Endpoint ID 'service-registry' contains invalid characters, please migrate to a valid format.
22:56:15.275 DEBUG Filter 'requestLoggingFilter' configured for use
22:56:15.455 WARN  No URLs will be polled as dynamic configuration sources.
22:56:15.457 INFO  To enable URLs as dynamic configuration sources, define System property archaius.configurationSource.additionalUrls or make config.properties available on classpath.
22:56:15.896 INFO  BeanFactory id=31e58bbc-37eb-38c4-8977-7d34426324f8
22:56:16.433 INFO  Initializing ExecutorService 'applicationTaskExecutor'
22:56:16.767 INFO  Bean 'org.springframework.cloud.autoconfigure.ConfigurationPropertiesRebinderAutoConfiguration' of type [org.springframework.cloud.autoconfigure.ConfigurationPropertiesRebinderAutoConfiguration$$EnhancerBySpringCGLIB$$17ad6abf] is not eligible for getting processed by all BeanPostProcessors (for example: not eligible for auto-proxying)
22:56:18.031 INFO  Tomcat initialized with port(s): 9021 (http)
22:56:18.064 INFO  Initializing ProtocolHandler ["http-nio-9021"]
22:56:18.106 INFO  Starting service [Tomcat]
22:56:18.112 INFO  Starting Servlet engine: [Apache Tomcat/9.0.19]
22:56:18.523 INFO  Initializing Spring embedded WebApplicationContext
22:56:18.524 INFO  Root WebApplicationContext: initialization completed in 5131 ms
22:56:19.133 WARN  No URLs will be polled as dynamic configuration sources.
22:56:19.146 INFO  To enable URLs as dynamic configuration sources, define System property archaius.configurationSource.additionalUrls or make config.properties available on classpath.
22:56:19.230 INFO  DynamicPropertyFactory is initialized with configuration sources: com.netflix.config.ConcurrentCompositeConfiguration@4c51cf28
22:56:21.347 INFO  Exposing 2 endpoint(s) beneath base path '/actuator'
22:56:21.612 INFO  Setting initial instance status as: STARTING
22:56:21.729 INFO  Initializing Eureka in region us-east-1
22:56:23.123 INFO  Using JSON encoding codec LegacyJacksonJson
22:56:23.155 INFO  Using JSON decoding codec LegacyJacksonJson
22:56:23.508 DEBUG Filter 'requestLoggingFilter' configured for use
22:56:23.871 INFO  Using XML encoding codec XStreamXml
22:56:23.923 INFO  Using XML decoding codec XStreamXml
22:56:23.964 WARN  No URLs will be polled as dynamic configuration sources.
22:56:24.199 INFO  To enable URLs as dynamic configuration sources, define System property archaius.configurationSource.additionalUrls or make config.properties available on classpath.
22:56:24.879 INFO  Resolving eureka endpoints via configuration
22:56:25.401 INFO  Initializing Spring DispatcherServlet 'dispatcherServlet'
22:56:25.412 INFO  Initializing Servlet 'dispatcherServlet'
22:56:25.450 INFO  Completed initialization in 27 ms
22:56:25.564 INFO  Initializing ExecutorService 'applicationTaskExecutor'
22:56:26.921 INFO  Disable delta property : false
22:56:26.930 INFO  Single vip registry refresh property : null
22:56:26.932 INFO  Force full registry fetch : false
22:56:27.267 INFO  Application is null : false
22:56:27.296 INFO  Registered Applications size is zero : true
22:56:27.308 INFO  Application version is -1: true
22:56:27.316 INFO  Getting all instance registry info from the eureka server
22:56:27.897 INFO  The response status is 200
22:56:27.929 INFO  Starting heartbeat executor: renew interval is: 30
22:56:27.976 INFO  InstanceInfoReplicator onDemand update allowed rate per min is 4
22:56:27.985 INFO  Discovery Client initialized at timestamp 1558497387983 with initial instances count: 1
22:56:28.282 INFO  Registering application SERVICIO-DE-CUENTAS with eureka with status UP
22:56:28.498 INFO  Saw local status change event StatusChangeEvent [timestamp=1558497388497, current=UP, previous=STARTING]
22:56:28.549 INFO  DiscoveryClient_SERVICIO-DE-CUENTAS/alpha:servicio-de-cuentas:9020: registering service...
22:56:28.580 INFO  Starting ProtocolHandler ["http-nio-9020"]
22:56:28.646 INFO  DiscoveryClient_SERVICIO-DE-CUENTAS/alpha:servicio-de-cuentas:9020 - registration status: 204
22:56:28.666 INFO  Tomcat started on port(s): 9020 (http) with context path ''
22:56:28.669 INFO  Updating port to 9020
22:56:28.685 INFO  Started CuentaApp in 26.178 seconds (JVM running for 27.126)
22:56:31.108 INFO  Exposing 2 endpoint(s) beneath base path '/actuator'
22:56:31.758 INFO  Setting initial instance status as: STARTING
22:56:32.107 INFO  Initializing Eureka in region us-east-1
22:56:33.543 INFO  Using JSON encoding codec LegacyJacksonJson
22:56:33.543 INFO  Using JSON decoding codec LegacyJacksonJson
22:56:34.236 INFO  Using XML encoding codec XStreamXml
22:56:34.251 INFO  Using XML decoding codec XStreamXml
22:56:34.555 INFO  Initializing Spring DispatcherServlet 'dispatcherServlet'
22:56:34.558 INFO  Initializing Servlet 'dispatcherServlet'
22:56:34.593 INFO  Completed initialization in 34 ms
22:56:35.247 INFO  Resolving eureka endpoints via configuration
22:56:36.292 INFO  Disable delta property : false
22:56:36.299 INFO  Single vip registry refresh property : null
22:56:36.305 INFO  Force full registry fetch : false
22:56:36.311 INFO  Application is null : false
22:56:36.315 INFO  Registered Applications size is zero : true
22:56:36.316 INFO  Application version is -1: true
22:56:36.318 INFO  Getting all instance registry info from the eureka server
22:56:36.927 INFO  The response status is 200
22:56:36.955 INFO  Starting heartbeat executor: renew interval is: 30
22:56:36.962 INFO  InstanceInfoReplicator onDemand update allowed rate per min is 4
22:56:36.969 INFO  Discovery Client initialized at timestamp 1558497396967 with initial instances count: 4
22:56:37.000 INFO  Registering application SERVICIO-DE-CUENTAS with eureka with status UP
22:56:37.003 INFO  Saw local status change event StatusChangeEvent [timestamp=1558497397003, current=UP, previous=STARTING]
22:56:37.050 INFO  DiscoveryClient_SERVICIO-DE-CUENTAS/alpha:servicio-de-cuentas:9021: registering service...
22:56:37.125 INFO  Starting ProtocolHandler ["http-nio-9021"]
22:56:37.188 INFO  DiscoveryClient_SERVICIO-DE-CUENTAS/alpha:servicio-de-cuentas:9021 - registration status: 204
22:56:37.303 INFO  Tomcat started on port(s): 9021 (http) with context path ''
22:56:37.378 INFO  Updating port to 9021
22:56:37.382 INFO  Started CuentaApp in 30.219 seconds (JVM running for 30.965)
23:01:27.329 INFO  Resolving eureka endpoints via configuration
23:01:36.333 INFO  Resolving eureka endpoints via configuration
23:06:27.332 INFO  Resolving eureka endpoints via configuration
23:06:36.336 INFO  Resolving eureka endpoints via configuration
23:13:50.059 INFO  Bean 'org.springframework.cloud.autoconfigure.ConfigurationPropertiesRebinderAutoConfiguration' of type [org.springframework.cloud.autoconfigure.ConfigurationPropertiesRebinderAutoConfiguration$$EnhancerBySpringCGLIB$$5d1b8b7f] is not eligible for getting processed by all BeanPostProcessors (for example: not eligible for auto-proxying)
23:13:54.403 INFO  The following profiles are active: zona1
23:13:54.437 INFO  Bean 'org.springframework.cloud.autoconfigure.ConfigurationPropertiesRebinderAutoConfiguration' of type [org.springframework.cloud.autoconfigure.ConfigurationPropertiesRebinderAutoConfiguration$$EnhancerBySpringCGLIB$$90d9f18d] is not eligible for getting processed by all BeanPostProcessors (for example: not eligible for auto-proxying)
23:13:55.606 WARN  Endpoint ID 'service-registry' contains invalid characters, please migrate to a valid format.
23:13:56.152 INFO  BeanFactory id=31e58bbc-37eb-38c4-8977-7d34426324f8
23:13:56.651 INFO  Bean 'org.springframework.cloud.autoconfigure.ConfigurationPropertiesRebinderAutoConfiguration' of type [org.springframework.cloud.autoconfigure.ConfigurationPropertiesRebinderAutoConfiguration$$EnhancerBySpringCGLIB$$5d1b8b7f] is not eligible for getting processed by all BeanPostProcessors (for example: not eligible for auto-proxying)
23:13:57.295 INFO  Tomcat initialized with port(s): 9020 (http)
23:13:57.320 INFO  Initializing ProtocolHandler ["http-nio-9020"]
23:13:57.338 INFO  Starting service [Tomcat]
23:13:57.339 INFO  Starting Servlet engine: [Apache Tomcat/9.0.19]
23:13:57.480 INFO  Initializing Spring embedded WebApplicationContext
23:13:57.481 INFO  Root WebApplicationContext: initialization completed in 3060 ms
23:13:57.771 WARN  No URLs will be polled as dynamic configuration sources.
23:13:57.772 INFO  To enable URLs as dynamic configuration sources, define System property archaius.configurationSource.additionalUrls or make config.properties available on classpath.
23:13:57.807 INFO  DynamicPropertyFactory is initialized with configuration sources: com.netflix.config.ConcurrentCompositeConfiguration@294a6b8e
23:13:58.949 INFO  The following profiles are active: zona2
23:14:00.855 DEBUG Filter 'requestLoggingFilter' configured for use
23:14:00.859 WARN  Endpoint ID 'service-registry' contains invalid characters, please migrate to a valid format.
23:14:00.966 WARN  No URLs will be polled as dynamic configuration sources.
23:14:00.966 INFO  To enable URLs as dynamic configuration sources, define System property archaius.configurationSource.additionalUrls or make config.properties available on classpath.
23:14:01.864 INFO  BeanFactory id=31e58bbc-37eb-38c4-8977-7d34426324f8
23:14:01.928 INFO  Initializing ExecutorService 'applicationTaskExecutor'
23:14:02.920 INFO  Bean 'org.springframework.cloud.autoconfigure.ConfigurationPropertiesRebinderAutoConfiguration' of type [org.springframework.cloud.autoconfigure.ConfigurationPropertiesRebinderAutoConfiguration$$EnhancerBySpringCGLIB$$90d9f18d] is not eligible for getting processed by all BeanPostProcessors (for example: not eligible for auto-proxying)
23:14:04.222 INFO  Tomcat initialized with port(s): 9021 (http)
23:14:04.290 INFO  Initializing ProtocolHandler ["http-nio-9021"]
23:14:04.349 INFO  Starting service [Tomcat]
23:14:04.350 INFO  Starting Servlet engine: [Apache Tomcat/9.0.19]
23:14:04.712 INFO  Initializing Spring embedded WebApplicationContext
23:14:04.719 INFO  Root WebApplicationContext: initialization completed in 5745 ms
23:14:05.371 WARN  No URLs will be polled as dynamic configuration sources.
23:14:05.371 INFO  To enable URLs as dynamic configuration sources, define System property archaius.configurationSource.additionalUrls or make config.properties available on classpath.
23:14:05.409 INFO  DynamicPropertyFactory is initialized with configuration sources: com.netflix.config.ConcurrentCompositeConfiguration@289710d9
23:14:07.240 INFO  Exposing 2 endpoint(s) beneath base path '/actuator'
23:14:07.786 INFO  Setting initial instance status as: STARTING
23:14:07.919 INFO  Initializing Eureka in region us-east-1
23:14:09.114 INFO  Using JSON encoding codec LegacyJacksonJson
23:14:09.122 INFO  Using JSON decoding codec LegacyJacksonJson
23:14:09.853 DEBUG Filter 'requestLoggingFilter' configured for use
23:14:09.962 INFO  Using XML encoding codec XStreamXml
23:14:10.050 INFO  Using XML decoding codec XStreamXml
23:14:10.375 WARN  No URLs will be polled as dynamic configuration sources.
23:14:10.568 INFO  To enable URLs as dynamic configuration sources, define System property archaius.configurationSource.additionalUrls or make config.properties available on classpath.
23:14:11.229 INFO  Resolving eureka endpoints via configuration
23:14:11.675 INFO  Initializing ExecutorService 'applicationTaskExecutor'
23:14:12.006 INFO  Initializing Spring DispatcherServlet 'dispatcherServlet'
23:14:12.036 INFO  Initializing Servlet 'dispatcherServlet'
23:14:12.084 INFO  Completed initialization in 47 ms
23:14:12.891 INFO  Disable delta property : false
23:14:12.893 INFO  Single vip registry refresh property : null
23:14:12.894 INFO  Force full registry fetch : false
23:14:12.896 INFO  Application is null : false
23:14:12.896 INFO  Registered Applications size is zero : true
23:14:12.896 INFO  Application version is -1: true
23:14:12.897 INFO  Getting all instance registry info from the eureka server
23:14:13.393 INFO  The response status is 200
23:14:13.467 INFO  Starting heartbeat executor: renew interval is: 30
23:14:13.573 INFO  InstanceInfoReplicator onDemand update allowed rate per min is 4
23:14:13.688 INFO  Discovery Client initialized at timestamp 1558498453686 with initial instances count: 3
23:14:13.841 INFO  Registering application SERVICIO-DE-CUENTAS with eureka with status UP
23:14:13.857 INFO  Saw local status change event StatusChangeEvent [timestamp=1558498453857, current=UP, previous=STARTING]
23:14:13.861 INFO  DiscoveryClient_SERVICIO-DE-CUENTAS/alpha:servicio-de-cuentas:9020: registering service...
23:14:13.963 INFO  Starting ProtocolHandler ["http-nio-9020"]
23:14:14.036 INFO  DiscoveryClient_SERVICIO-DE-CUENTAS/alpha:servicio-de-cuentas:9020 - registration status: 204
23:14:14.101 INFO  Tomcat started on port(s): 9020 (http) with context path ''
23:14:14.189 INFO  Updating port to 9020
23:14:14.193 INFO  Started CuentaApp in 26.302 seconds (JVM running for 27.217)
23:14:16.392 INFO  Exposing 2 endpoint(s) beneath base path '/actuator'
23:14:16.862 INFO  Setting initial instance status as: STARTING
23:14:17.005 INFO  Initializing Eureka in region us-east-1
23:14:18.759 INFO  Using JSON encoding codec LegacyJacksonJson
23:14:18.766 INFO  Using JSON decoding codec LegacyJacksonJson
23:14:19.533 INFO  Using XML encoding codec XStreamXml
23:14:19.594 INFO  Using XML decoding codec XStreamXml
23:14:20.335 INFO  Resolving eureka endpoints via configuration
23:14:21.454 INFO  Disable delta property : false
23:14:21.455 INFO  Single vip registry refresh property : null
23:14:21.468 INFO  Force full registry fetch : false
23:14:21.476 INFO  Application is null : false
23:14:21.486 INFO  Registered Applications size is zero : true
23:14:21.486 INFO  Application version is -1: true
23:14:21.488 INFO  Getting all instance registry info from the eureka server
23:14:22.005 INFO  Initializing Spring DispatcherServlet 'dispatcherServlet'
23:14:22.011 INFO  Initializing Servlet 'dispatcherServlet'
23:14:22.046 INFO  Completed initialization in 31 ms
23:14:22.421 INFO  The response status is 200
23:14:22.426 INFO  Starting heartbeat executor: renew interval is: 30
23:14:22.436 INFO  InstanceInfoReplicator onDemand update allowed rate per min is 4
23:14:22.449 INFO  Discovery Client initialized at timestamp 1558498462448 with initial instances count: 3
23:14:22.460 INFO  Registering application SERVICIO-DE-CUENTAS with eureka with status UP
23:14:22.462 INFO  Saw local status change event StatusChangeEvent [timestamp=1558498462462, current=UP, previous=STARTING]
23:14:22.466 INFO  DiscoveryClient_SERVICIO-DE-CUENTAS/alpha:servicio-de-cuentas:9021: registering service...
23:14:22.512 INFO  Starting ProtocolHandler ["http-nio-9021"]
23:14:22.514 INFO  DiscoveryClient_SERVICIO-DE-CUENTAS/alpha:servicio-de-cuentas:9021 - registration status: 204
23:14:22.588 INFO  Tomcat started on port(s): 9021 (http) with context path ''
23:14:22.653 INFO  Updating port to 9021
23:14:22.657 INFO  Started CuentaApp in 29.978 seconds (JVM running for 30.642)
23:14:46.998 DEBUG Before request [uri=/cliente/1;headers=[user-agent:"PostmanRuntime/7.13.0", accept:"*/*", cache-control:"no-cache", postman-token:"86441bc0-986b-4a51-b798-d00b1a9deec9", accept-encoding:"gzip, deflate", x-forwarded-host:"localhost:4000", x-forwarded-proto:"http", x-forwarded-prefix:"/api/cuenta", x-forwarded-port:"4000", x-forwarded-for:"0:0:0:0:0:0:0:1", content-length:"0", host:"alpha:9021", connection:"Keep-Alive"]]
23:14:47.033 DEBUG REQ:uri=/cliente/1;headers=[user-agent:"PostmanRuntime/7.13.0", accept:"*/*", cache-control:"no-cache", postman-token:"86441bc0-986b-4a51-b798-d00b1a9deec9", accept-encoding:"gzip, deflate", x-forwarded-host:"localhost:4000", x-forwarded-proto:"http", x-forwarded-prefix:"/api/cuenta", x-forwarded-port:"4000", x-forwarded-for:"0:0:0:0:0:0:0:1", content-length:"0", host:"alpha:9021", connection:"Keep-Alive"]]
23:18:11.587 INFO  Bean 'org.springframework.cloud.autoconfigure.ConfigurationPropertiesRebinderAutoConfiguration' of type [org.springframework.cloud.autoconfigure.ConfigurationPropertiesRebinderAutoConfiguration$$EnhancerBySpringCGLIB$$90d9f18d] is not eligible for getting processed by all BeanPostProcessors (for example: not eligible for auto-proxying)
23:18:15.445 INFO  Bean 'org.springframework.cloud.autoconfigure.ConfigurationPropertiesRebinderAutoConfiguration' of type [org.springframework.cloud.autoconfigure.ConfigurationPropertiesRebinderAutoConfiguration$$EnhancerBySpringCGLIB$$9907f315] is not eligible for getting processed by all BeanPostProcessors (for example: not eligible for auto-proxying)
23:18:15.600 INFO  The following profiles are active: zona1
23:18:16.716 WARN  Endpoint ID 'service-registry' contains invalid characters, please migrate to a valid format.
23:18:17.356 INFO  BeanFactory id=31e58bbc-37eb-38c4-8977-7d34426324f8
23:18:18.042 INFO  Bean 'org.springframework.cloud.autoconfigure.ConfigurationPropertiesRebinderAutoConfiguration' of type [org.springframework.cloud.autoconfigure.ConfigurationPropertiesRebinderAutoConfiguration$$EnhancerBySpringCGLIB$$90d9f18d] is not eligible for getting processed by all BeanPostProcessors (for example: not eligible for auto-proxying)
23:18:18.817 INFO  Tomcat initialized with port(s): 9020 (http)
23:18:18.846 INFO  Initializing ProtocolHandler ["http-nio-9020"]
23:18:18.866 INFO  Starting service [Tomcat]
23:18:18.867 INFO  Starting Servlet engine: [Apache Tomcat/9.0.19]
23:18:19.014 INFO  Initializing Spring embedded WebApplicationContext
23:18:19.014 INFO  Root WebApplicationContext: initialization completed in 3394 ms
23:18:19.297 WARN  No URLs will be polled as dynamic configuration sources.
23:18:19.297 INFO  To enable URLs as dynamic configuration sources, define System property archaius.configurationSource.additionalUrls or make config.properties available on classpath.
23:18:19.330 INFO  DynamicPropertyFactory is initialized with configuration sources: com.netflix.config.ConcurrentCompositeConfiguration@289710d9
23:18:19.942 INFO  The following profiles are active: zona2
23:18:21.651 WARN  Endpoint ID 'service-registry' contains invalid characters, please migrate to a valid format.
23:18:22.005 DEBUG Filter 'requestLoggingFilter' configured for use
23:18:22.123 WARN  No URLs will be polled as dynamic configuration sources.
23:18:22.163 INFO  To enable URLs as dynamic configuration sources, define System property archaius.configurationSource.additionalUrls or make config.properties available on classpath.
23:18:22.363 INFO  BeanFactory id=31e58bbc-37eb-38c4-8977-7d34426324f8
23:18:23.157 INFO  Initializing ExecutorService 'applicationTaskExecutor'
23:18:23.449 INFO  Bean 'org.springframework.cloud.autoconfigure.ConfigurationPropertiesRebinderAutoConfiguration' of type [org.springframework.cloud.autoconfigure.ConfigurationPropertiesRebinderAutoConfiguration$$EnhancerBySpringCGLIB$$9907f315] is not eligible for getting processed by all BeanPostProcessors (for example: not eligible for auto-proxying)
23:18:24.774 INFO  Tomcat initialized with port(s): 9021 (http)
23:18:24.812 INFO  Initializing ProtocolHandler ["http-nio-9021"]
23:18:24.849 INFO  Starting service [Tomcat]
23:18:24.867 INFO  Starting Servlet engine: [Apache Tomcat/9.0.19]
23:18:25.239 INFO  Initializing Spring embedded WebApplicationContext
23:18:25.249 INFO  Root WebApplicationContext: initialization completed in 5278 ms
23:18:26.148 WARN  No URLs will be polled as dynamic configuration sources.
23:18:26.163 INFO  To enable URLs as dynamic configuration sources, define System property archaius.configurationSource.additionalUrls or make config.properties available on classpath.
23:18:26.223 INFO  DynamicPropertyFactory is initialized with configuration sources: com.netflix.config.ConcurrentCompositeConfiguration@503ecb24
23:18:28.841 INFO  Exposing 2 endpoint(s) beneath base path '/actuator'
23:18:29.096 INFO  Setting initial instance status as: STARTING
23:18:29.228 INFO  Initializing Eureka in region us-east-1
23:18:30.649 DEBUG Filter 'requestLoggingFilter' configured for use
23:18:30.764 WARN  No URLs will be polled as dynamic configuration sources.
23:18:30.807 INFO  To enable URLs as dynamic configuration sources, define System property archaius.configurationSource.additionalUrls or make config.properties available on classpath.
23:18:31.048 INFO  Using JSON encoding codec LegacyJacksonJson
23:18:31.173 INFO  Using JSON decoding codec LegacyJacksonJson
23:18:31.633 INFO  Using XML encoding codec XStreamXml
23:18:31.641 INFO  Using XML decoding codec XStreamXml
23:18:31.696 INFO  Initializing ExecutorService 'applicationTaskExecutor'
23:18:32.586 INFO  Resolving eureka endpoints via configuration
23:18:33.606 INFO  Initializing Spring DispatcherServlet 'dispatcherServlet'
23:18:33.611 INFO  Initializing Servlet 'dispatcherServlet'
23:18:33.641 INFO  Completed initialization in 27 ms
23:18:34.292 INFO  Disable delta property : false
23:18:34.294 INFO  Single vip registry refresh property : null
23:18:34.294 INFO  Force full registry fetch : false
23:18:34.294 INFO  Application is null : false
23:18:34.295 INFO  Registered Applications size is zero : true
23:18:34.295 INFO  Application version is -1: true
23:18:34.296 INFO  Getting all instance registry info from the eureka server
23:18:34.947 INFO  The response status is 200
23:18:34.953 INFO  Starting heartbeat executor: renew interval is: 30
23:18:34.961 INFO  InstanceInfoReplicator onDemand update allowed rate per min is 4
23:18:34.970 INFO  Discovery Client initialized at timestamp 1558498714968 with initial instances count: 3
23:18:35.010 INFO  Registering application SERVICIO-DE-CUENTAS with eureka with status UP
23:18:35.082 INFO  Saw local status change event StatusChangeEvent [timestamp=1558498715082, current=UP, previous=STARTING]
23:18:35.124 INFO  DiscoveryClient_SERVICIO-DE-CUENTAS/alpha:servicio-de-cuentas:9020: registering service...
23:18:35.164 INFO  Starting ProtocolHandler ["http-nio-9020"]
23:18:35.215 INFO  DiscoveryClient_SERVICIO-DE-CUENTAS/alpha:servicio-de-cuentas:9020 - registration status: 204
23:18:35.269 INFO  Tomcat started on port(s): 9020 (http) with context path ''
23:18:35.270 INFO  Updating port to 9020
23:18:35.276 INFO  Started CuentaApp in 26.539 seconds (JVM running for 27.684)
23:18:37.222 INFO  Exposing 2 endpoint(s) beneath base path '/actuator'
23:18:37.544 INFO  Setting initial instance status as: STARTING
23:18:37.671 INFO  Initializing Eureka in region us-east-1
23:18:39.738 INFO  Using JSON encoding codec LegacyJacksonJson
23:18:39.784 INFO  Using JSON decoding codec LegacyJacksonJson
23:18:40.772 INFO  Using XML encoding codec XStreamXml
23:18:40.777 INFO  Using XML decoding codec XStreamXml
23:18:41.385 INFO  Resolving eureka endpoints via configuration
23:18:42.565 INFO  Disable delta property : false
23:18:42.566 INFO  Single vip registry refresh property : null
23:18:42.568 INFO  Force full registry fetch : false
23:18:42.571 INFO  Application is null : false
23:18:42.642 INFO  Registered Applications size is zero : true
23:18:42.678 INFO  Application version is -1: true
23:18:42.682 INFO  Getting all instance registry info from the eureka server
23:18:43.741 INFO  The response status is 200
23:18:43.980 INFO  Starting heartbeat executor: renew interval is: 30
23:18:43.979 INFO  Initializing Spring DispatcherServlet 'dispatcherServlet'
23:18:43.992 INFO  Initializing Servlet 'dispatcherServlet'
23:18:43.997 INFO  InstanceInfoReplicator onDemand update allowed rate per min is 4
23:18:44.041 INFO  Discovery Client initialized at timestamp 1558498724039 with initial instances count: 3
23:18:44.047 INFO  Completed initialization in 50 ms
23:18:44.069 INFO  Registering application SERVICIO-DE-CUENTAS with eureka with status UP
23:18:44.097 INFO  Saw local status change event StatusChangeEvent [timestamp=1558498724097, current=UP, previous=STARTING]
23:18:44.100 INFO  DiscoveryClient_SERVICIO-DE-CUENTAS/alpha:servicio-de-cuentas:9021: registering service...
23:18:44.159 INFO  Starting ProtocolHandler ["http-nio-9021"]
23:18:44.251 INFO  DiscoveryClient_SERVICIO-DE-CUENTAS/alpha:servicio-de-cuentas:9021 - registration status: 204
23:18:44.273 INFO  Tomcat started on port(s): 9021 (http) with context path ''
23:18:44.325 INFO  Updating port to 9021
23:18:44.331 INFO  Started CuentaApp in 30.795 seconds (JVM running for 31.663)
23:19:51.443 DEBUG Before request [uri=/cliente/1;headers=[x-b3-spanid:"5f8ecbb5e440cd69", x-b3-parentspanid:"276ad02648d74ed4", x-b3-sampled:"0", x-b3-traceid:"276ad02648d74ed4", accept:"*/*", user-agent:"Java/1.8.0_211", host:"alpha:9021", connection:"keep-alive"]]
23:19:51.475 DEBUG REQ:uri=/cliente/1;headers=[x-b3-spanid:"5f8ecbb5e440cd69", x-b3-parentspanid:"276ad02648d74ed4", x-b3-sampled:"0", x-b3-traceid:"276ad02648d74ed4", accept:"*/*", user-agent:"Java/1.8.0_211", host:"alpha:9021", connection:"keep-alive"]]
23:22:46.745 DEBUG Before request [uri=/cliente/1;headers=[x-b3-spanid:"6926220d028e31b3", x-b3-parentspanid:"52c01f6e1a302065", x-b3-sampled:"0", x-b3-traceid:"b313df1691f499a8", accept:"*/*", user-agent:"Java/1.8.0_211", host:"alpha:9021", connection:"keep-alive"]]
23:22:46.748 DEBUG REQ:uri=/cliente/1;headers=[x-b3-spanid:"6926220d028e31b3", x-b3-parentspanid:"52c01f6e1a302065", x-b3-sampled:"0", x-b3-traceid:"b313df1691f499a8", accept:"*/*", user-agent:"Java/1.8.0_211", host:"alpha:9021", connection:"keep-alive"]]
23:23:34.300 INFO  Resolving eureka endpoints via configuration
23:23:42.688 INFO  Resolving eureka endpoints via configuration
23:28:34.301 INFO  Resolving eureka endpoints via configuration
23:28:42.690 INFO  Resolving eureka endpoints via configuration
